G:\VS_Projects_Repos\msgraph-sample-angularspa\graph-app\dist\out-tsc\app\alert.js
G:\VS_Projects_Repos\msgraph-sample-angularspa\graph-app\dist\out-tsc\app\alert.js.map
G:\VS_Projects_Repos\msgraph-sample-angularspa\graph-app\dist\out-tsc\app\alerts.service.js
G:\VS_Projects_Repos\msgraph-sample-angularspa\graph-app\dist\out-tsc\app\alerts.service.js.map
G:\VS_Projects_Repos\msgraph-sample-angularspa\graph-app\dist\out-tsc\app\user.js
G:\VS_Projects_Repos\msgraph-sample-angularspa\graph-app\dist\out-tsc\app\user.js.map
G:\VS_Projects_Repos\msgraph-sample-angularspa\graph-app\dist\out-tsc\app\auth.service.js
G:\VS_Projects_Repos\msgraph-sample-angularspa\graph-app\dist\out-tsc\app\auth.service.js.map
G:\VS_Projects_Repos\msgraph-sample-angularspa\graph-app\dist\out-tsc\app\home\home.component.js
G:\VS_Projects_Repos\msgraph-sample-angularspa\graph-app\dist\out-tsc\app\home\home.component.js.map
G:\VS_Projects_Repos\msgraph-sample-angularspa\graph-app\dist\out-tsc\app\graph.service.js
G:\VS_Projects_Repos\msgraph-sample-angularspa\graph-app\dist\out-tsc\app\graph.service.js.map
G:\VS_Projects_Repos\msgraph-sample-angularspa\graph-app\dist\out-tsc\app\calendar\calendar.component.js
G:\VS_Projects_Repos\msgraph-sample-angularspa\graph-app\dist\out-tsc\app\calendar\calendar.component.js.map
G:\VS_Projects_Repos\msgraph-sample-angularspa\graph-app\dist\out-tsc\app\new-event\new-event.js
G:\VS_Projects_Repos\msgraph-sample-angularspa\graph-app\dist\out-tsc\app\new-event\new-event.js.map
G:\VS_Projects_Repos\msgraph-sample-angularspa\graph-app\dist\out-tsc\app\new-event\new-event.component.js
G:\VS_Projects_Repos\msgraph-sample-angularspa\graph-app\dist\out-tsc\app\new-event\new-event.component.js.map
G:\VS_Projects_Repos\msgraph-sample-angularspa\graph-app\dist\out-tsc\app\app-routing.module.js
G:\VS_Projects_Repos\msgraph-sample-angularspa\graph-app\dist\out-tsc\app\app-routing.module.js.map
G:\VS_Projects_Repos\msgraph-sample-angularspa\graph-app\dist\out-tsc\app\app.component.js
G:\VS_Projects_Repos\msgraph-sample-angularspa\graph-app\dist\out-tsc\app\app.component.js.map
G:\VS_Projects_Repos\msgraph-sample-angularspa\graph-app\dist\out-tsc\app\nav-bar\nav-bar.component.js
G:\VS_Projects_Repos\msgraph-sample-angularspa\graph-app\dist\out-tsc\app\nav-bar\nav-bar.component.js.map
G:\VS_Projects_Repos\msgraph-sample-angularspa\graph-app\dist\out-tsc\app\alerts\alerts.component.js
G:\VS_Projects_Repos\msgraph-sample-angularspa\graph-app\dist\out-tsc\app\alerts\alerts.component.js.map
G:\VS_Projects_Repos\msgraph-sample-angularspa\graph-app\dist\out-tsc\app\app.module.js
G:\VS_Projects_Repos\msgraph-sample-angularspa\graph-app\dist\out-tsc\app\app.module.js.map
G:\VS_Projects_Repos\msgraph-sample-angularspa\graph-app\dist\out-tsc\environments\environment.js
G:\VS_Projects_Repos\msgraph-sample-angularspa\graph-app\dist\out-tsc\environments\environment.js.map
G:\VS_Projects_Repos\msgraph-sample-angularspa\graph-app\dist\out-tsc\main.js
G:\VS_Projects_Repos\msgraph-sample-angularspa\graph-app\dist\out-tsc\main.js.map
G:\VS_Projects_Repos\msgraph-sample-angularspa\graph-app\dist\out-tsc\oauth.example.js
G:\VS_Projects_Repos\msgraph-sample-angularspa\graph-app\dist\out-tsc\oauth.example.js.map
G:\VS_Projects_Repos\msgraph-sample-angularspa\graph-app\dist\out-tsc\polyfills.js
G:\VS_Projects_Repos\msgraph-sample-angularspa\graph-app\dist\out-tsc\polyfills.js.map
G:\VS_Projects_Repos\msgraph-sample-angularspa\graph-app\dist\out-tsc\test.js
G:\VS_Projects_Repos\msgraph-sample-angularspa\graph-app\dist\out-tsc\test.js.map
G:\VS_Projects_Repos\msgraph-sample-angularspa\graph-app\dist\out-tsc\app\alerts.service.spec.js
G:\VS_Projects_Repos\msgraph-sample-angularspa\graph-app\dist\out-tsc\app\alerts.service.spec.js.map
G:\VS_Projects_Repos\msgraph-sample-angularspa\graph-app\dist\out-tsc\app\app.component.spec.js
G:\VS_Projects_Repos\msgraph-sample-angularspa\graph-app\dist\out-tsc\app\app.component.spec.js.map
G:\VS_Projects_Repos\msgraph-sample-angularspa\graph-app\dist\out-tsc\app\auth.service.spec.js
G:\VS_Projects_Repos\msgraph-sample-angularspa\graph-app\dist\out-tsc\app\auth.service.spec.js.map
G:\VS_Projects_Repos\msgraph-sample-angularspa\graph-app\dist\out-tsc\app\graph.service.spec.js
G:\VS_Projects_Repos\msgraph-sample-angularspa\graph-app\dist\out-tsc\app\graph.service.spec.js.map
G:\VS_Projects_Repos\msgraph-sample-angularspa\graph-app\dist\out-tsc\app\alerts\alerts.component.spec.js
G:\VS_Projects_Repos\msgraph-sample-angularspa\graph-app\dist\out-tsc\app\alerts\alerts.component.spec.js.map
G:\VS_Projects_Repos\msgraph-sample-angularspa\graph-app\dist\out-tsc\app\calendar\calendar.component.spec.js
G:\VS_Projects_Repos\msgraph-sample-angularspa\graph-app\dist\out-tsc\app\calendar\calendar.component.spec.js.map
G:\VS_Projects_Repos\msgraph-sample-angularspa\graph-app\dist\out-tsc\app\home\home.component.spec.js
G:\VS_Projects_Repos\msgraph-sample-angularspa\graph-app\dist\out-tsc\app\home\home.component.spec.js.map
G:\VS_Projects_Repos\msgraph-sample-angularspa\graph-app\dist\out-tsc\app\nav-bar\nav-bar.component.spec.js
G:\VS_Projects_Repos\msgraph-sample-angularspa\graph-app\dist\out-tsc\app\nav-bar\nav-bar.component.spec.js.map
G:\VS_Projects_Repos\msgraph-sample-angularspa\graph-app\dist\out-tsc\app\new-event\new-event.component.spec.js
G:\VS_Projects_Repos\msgraph-sample-angularspa\graph-app\dist\out-tsc\app\new-event\new-event.component.spec.js.map
G:\VS_Projects_Repos\msgraph-sample-angularspa\graph-app\dist\out-tsc\environments\environment.prod.js
G:\VS_Projects_Repos\msgraph-sample-angularspa\graph-app\dist\out-tsc\environments\environment.prod.js.map
